<?xml version="1.0" encoding="UTF-8"?>
<testng-results ignored="0" total="1" passed="1" failed="0" skipped="0">
  <reporter-output>
  </reporter-output>
  <suite started-at="2025-11-21T12:25:49 IST" name="Default suite" finished-at="2025-11-21T12:27:03 IST" duration-ms="74026">
    <groups>
    </groups>
    <test started-at="2025-11-21T12:25:49 IST" name="Default test" finished-at="2025-11-21T12:27:03 IST" duration-ms="74026">
      <class name="tests.DittoHealthTest">
        <test-method is-config="true" signature="setup()[pri:0, instance:tests.DittoHealthTest@229f66ed]" started-at="2025-11-21T12:25:49 IST" name="setup" finished-at="2025-11-21T12:25:53 IST" duration-ms="3809" status="PASS">
          <reporter-output>
          </reporter-output>
        </test-method> <!-- setup -->
        <test-method signature="verifyPremiumCalculation()[pri:0, instance:tests.DittoHealthTest@229f66ed]" started-at="2025-11-21T12:25:53 IST" name="verifyPremiumCalculation" finished-at="2025-11-21T12:27:03 IST" duration-ms="69617" status="PASS">
          <reporter-output>
          </reporter-output>
        </test-method> <!-- verifyPremiumCalculation -->
        <test-method is-config="true" signature="tearDown()[pri:0, instance:tests.DittoHealthTest@229f66ed]" started-at="2025-11-21T12:27:03 IST" name="tearDown" finished-at="2025-11-21T12:27:03 IST" duration-ms="534" status="PASS">
          <reporter-output>
          </reporter-output>
        </test-method> <!-- tearDown -->
      </class> <!-- tests.DittoHealthTest -->
    </test> <!-- Default test -->
  </suite> <!-- Default suite -->
</testng-results>
